\BOOKMARK [1][-]{section.1}{\376\377\000I\000n\000t\000r\000o\000d\000u\000c\000t\000i\000o\000n}{}% 1
\BOOKMARK [1][-]{section.2}{\376\377\000C\000l\000a\000s\000s\000i\000c\000a\000l\000\040\000R\000u\000n\000g\000e\040\023\000K\000u\000t\000t\000a\000\040\000\050\0004\000t\000h\000\040\000O\000r\000d\000e\000r\000\051\000\040\040\024\000\040\000r\000k\0004\000\137\000s\000t\000e\000p}{}% 2
\BOOKMARK [2][-]{subsection.2.1}{\376\377\000F\000o\000r\000m\000u\000l\000a\000t\000i\000o\000n}{section.2}% 3
\BOOKMARK [2][-]{subsection.2.2}{\376\377\000B\000u\000t\000c\000h\000e\000r\000\040\000T\000a\000b\000l\000e\000a\000u}{section.2}% 4
\BOOKMARK [2][-]{subsection.2.3}{\376\377\000P\000r\000o\000p\000e\000r\000t\000i\000e\000s}{section.2}% 5
\BOOKMARK [1][-]{section.3}{\376\377\000S\000t\000a\000n\000d\000a\000r\000d\000\040\000R\000u\000n\000g\000e\040\023\000K\000u\000t\000t\000a\000\040\000\050\0003\000r\000d\000\040\000O\000r\000d\000e\000r\000\051\000\040\040\024\000\040\000r\000k\0003\000\137\000s\000t\000e\000p}{}% 6
\BOOKMARK [2][-]{subsection.3.1}{\376\377\000F\000o\000r\000m\000u\000l\000a\000t\000i\000o\000n}{section.3}% 7
\BOOKMARK [2][-]{subsection.3.2}{\376\377\000B\000u\000t\000c\000h\000e\000r\000\040\000T\000a\000b\000l\000e\000a\000u}{section.3}% 8
\BOOKMARK [2][-]{subsection.3.3}{\376\377\000P\000r\000o\000p\000e\000r\000t\000i\000e\000s}{section.3}% 9
\BOOKMARK [1][-]{section.4}{\376\377\000B\000u\000t\000c\000h\000e\000r\000'\000s\000\040\000R\000u\000n\000g\000e\040\023\000K\000u\000t\000t\000a\000\040\000\050\0005\000t\000h\000\040\000O\000r\000d\000e\000r\000\051\000\040\040\024\000\040\000r\000k\0005\000\137\000s\000t\000e\000p}{}% 10
\BOOKMARK [2][-]{subsection.4.1}{\376\377\000F\000o\000r\000m\000u\000l\000a\000t\000i\000o\000n}{section.4}% 11
\BOOKMARK [2][-]{subsection.4.2}{\376\377\000B\000u\000t\000c\000h\000e\000r\000\040\000T\000a\000b\000l\000e\000a\000u}{section.4}% 12
\BOOKMARK [2][-]{subsection.4.3}{\376\377\000P\000r\000o\000p\000e\000r\000t\000i\000e\000s}{section.4}% 13
\BOOKMARK [1][-]{section.5}{\376\377\000B\000o\000g\000a\000c\000k\000i\040\023\000S\000h\000a\000m\000p\000i\000n\000e\000\040\000\050\000R\000K\0002\0003\000\051\000\040\040\024\000\040\000r\000k\0002\0003\000\137\000s\000t\000e\000p}{}% 14
\BOOKMARK [2][-]{subsection.5.1}{\376\377\000F\000o\000r\000m\000u\000l\000a\000t\000i\000o\000n}{section.5}% 15
\BOOKMARK [2][-]{subsection.5.2}{\376\377\000B\000u\000t\000c\000h\000e\000r\000\040\000T\000a\000b\000l\000e\000a\000u}{section.5}% 16
\BOOKMARK [2][-]{subsection.5.3}{\376\377\000P\000r\000o\000p\000e\000r\000t\000i\000e\000s}{section.5}% 17
\BOOKMARK [1][-]{section.6}{\376\377\000R\000u\000n\000g\000e\040\023\000K\000u\000t\000t\000a\040\023\000F\000e\000h\000l\000b\000e\000r\000g\000\040\000\050\000R\000K\000F\0004\0005\000\051\000\040\040\024\000\040\000r\000k\000f\0004\0005\000\137\000s\000t\000e\000p}{}% 18
\BOOKMARK [2][-]{subsection.6.1}{\376\377\000F\000o\000r\000m\000u\000l\000a\000t\000i\000o\000n}{section.6}% 19
\BOOKMARK [2][-]{subsection.6.2}{\376\377\000B\000u\000t\000c\000h\000e\000r\000\040\000T\000a\000b\000l\000e\000a\000u}{section.6}% 20
\BOOKMARK [2][-]{subsection.6.3}{\376\377\000P\000r\000o\000p\000e\000r\000t\000i\000e\000s}{section.6}% 21
\BOOKMARK [1][-]{section.7}{\376\377\000S\000e\000m\000i\000-\000I\000m\000p\000l\000i\000c\000i\000t\000\040\000E\000u\000l\000e\000r\000\040\000\050\000S\000y\000m\000p\000l\000e\000c\000t\000i\000c\000\040\0001\000s\000t\000\040\000O\000r\000d\000e\000r\000\051\000\040\040\024\000\040\000s\000e\000m\000i\000\137\000i\000m\000p\000l\000i\000c\000i\000t\000\137\000e\000u\000l\000e\000r\000\137\000s\000t\000e\000p}{}% 22
\BOOKMARK [2][-]{subsection.7.1}{\376\377\000F\000o\000r\000m\000u\000l\000a\000t\000i\000o\000n}{section.7}% 23
\BOOKMARK [2][-]{subsection.7.2}{\376\377\000P\000r\000o\000p\000e\000r\000t\000i\000e\000s}{section.7}% 24
\BOOKMARK [1][-]{section.8}{\376\377\000L\000e\000a\000p\000f\000r\000o\000g\000\040\000/\000\040\000S\000t\000\366\000r\000m\000e\000r\040\023\000V\000e\000r\000l\000e\000t\000\040\000\050\000S\000y\000m\000p\000l\000e\000c\000t\000i\000c\000\040\0002\000n\000d\000\040\000O\000r\000d\000e\000r\000\051\000\040\040\024\000\040\000l\000e\000a\000p\000f\000r\000o\000g\000\137\000s\000t\000e\000p}{}% 25
\BOOKMARK [2][-]{subsection.8.1}{\376\377\000F\000o\000r\000m\000u\000l\000a\000t\000i\000o\000n}{section.8}% 26
\BOOKMARK [2][-]{subsection.8.2}{\376\377\000P\000r\000o\000p\000e\000r\000t\000i\000e\000s}{section.8}% 27
\BOOKMARK [1][-]{section.9}{\376\377\000R\000u\000t\000h\000'\000s\000\040\0004\000t\000h\000-\000O\000r\000d\000e\000r\000\040\000S\000y\000m\000p\000l\000e\000c\000t\000i\000c\000\040\000I\000n\000t\000e\000g\000r\000a\000t\000o\000r\000\040\040\024\000\040\000r\000u\000t\000h\0004\000\137\000s\000t\000e\000p}{}% 28
\BOOKMARK [2][-]{subsection.9.1}{\376\377\000C\000o\000e\000f\000f\000i\000c\000i\000e\000n\000t\000s}{section.9}% 29
\BOOKMARK [2][-]{subsection.9.2}{\376\377\000F\000o\000r\000m\000u\000l\000a\000t\000i\000o\000n}{section.9}% 30
\BOOKMARK [2][-]{subsection.9.3}{\376\377\000P\000r\000o\000p\000e\000r\000t\000i\000e\000s}{section.9}% 31
\BOOKMARK [1][-]{section.10}{\376\377\000V\000e\000l\000o\000c\000i\000t\000y\000\040\000V\000e\000r\000l\000e\000t\000\040\040\024\000\040\000v\000e\000l\000o\000c\000i\000t\000y\000\137\000v\000e\000r\000l\000e\000t\000\137\000s\000t\000e\000p}{}% 32
\BOOKMARK [2][-]{subsection.10.1}{\376\377\000F\000o\000r\000m\000u\000l\000a\000t\000i\000o\000n}{section.10}% 33
\BOOKMARK [2][-]{subsection.10.2}{\376\377\000P\000r\000o\000p\000e\000r\000t\000i\000e\000s}{section.10}% 34
\BOOKMARK [1][-]{section.11}{\376\377\000C\000l\000a\000s\000s\000i\000c\000a\000l\000\040\000R\000u\000n\000g\000e\040\023\000K\000u\000t\000t\000a\040\023\000N\000y\000s\000t\000r\000\366\000m\000\040\000\050\0004\000t\000h\000\040\000O\000r\000d\000e\000r\000\051\000\040\040\024\000\040\000r\000u\000n\000g\000e\000\137\000k\000u\000t\000t\000a\000\137\000n\000y\000s\000t\000r\000o\000m\000\137\000s\000t\000e\000p}{}% 35
\BOOKMARK [2][-]{subsection.11.1}{\376\377\000F\000o\000r\000m\000u\000l\000a\000t\000i\000o\000n}{section.11}% 36
\BOOKMARK [2][-]{subsection.11.2}{\376\377\000P\000r\000o\000p\000e\000r\000t\000i\000e\000s}{section.11}% 37
\BOOKMARK [1][-]{section.12}{\376\377\000N\000u\000m\000e\000r\000o\000v\000\040\000M\000e\000t\000h\000o\000d\000\040\000\050\000I\000m\000p\000l\000i\000c\000i\000t\000,\000\040\0004\000t\000h\000\040\000O\000r\000d\000e\000r\000\051\000\040\040\024\000\040\000n\000u\000m\000e\000r\000o\000v\000\137\000n\000e\000x\000t\000\137\000t\000h\000e\000t\000a}{}% 38
\BOOKMARK [2][-]{subsection.12.1}{\376\377\000R\000e\000c\000u\000r\000r\000e\000n\000c\000e}{section.12}% 39
\BOOKMARK [2][-]{subsection.12.2}{\376\377\000N\000e\000w\000t\000o\000n\000\040\000I\000t\000e\000r\000a\000t\000i\000o\000n}{section.12}% 40
\BOOKMARK [2][-]{subsection.12.3}{\376\377\000B\000o\000o\000t\000s\000t\000r\000a\000p\000\040\000a\000n\000d\000\040\000V\000e\000l\000o\000c\000i\000t\000y\000\040\000R\000e\000c\000o\000v\000e\000r\000y}{section.12}% 41
\BOOKMARK [2][-]{subsection.12.4}{\376\377\000P\000r\000o\000p\000e\000r\000t\000i\000e\000s}{section.12}% 42
\BOOKMARK [1][-]{section.13}{\376\377\000D\000i\000s\000c\000r\000e\000t\000e\000\040\000E\000x\000p\000o\000n\000e\000n\000t\000i\000a\000l\000\040\000N\000y\000s\000t\000r\000\366\000m\000\040\000\050\000D\000E\000N\0003\000\051\000\040\040\024\000\040\000d\000e\000n\0003\000\137\000s\000t\000e\000p}{}% 43
\BOOKMARK [2][-]{subsection.13.1}{\376\377\000P\000r\000o\000p\000a\000g\000a\000t\000o\000r\000\040\000M\000a\000t\000r\000i\000x}{section.13}% 44
\BOOKMARK [2][-]{subsection.13.2}{\376\377\000C\000o\000n\000s\000t\000a\000n\000t\000-\000R\000e\000s\000i\000d\000u\000a\000l\000\040\000R\000e\000s\000p\000o\000n\000s\000e}{section.13}% 45
\BOOKMARK [2][-]{subsection.13.3}{\376\377\000T\000h\000r\000e\000e\000-\000S\000t\000a\000g\000e\000\040\000S\000t\000e\000p\000p\000i\000n\000g\000\040\000P\000r\000o\000c\000e\000d\000u\000r\000e}{section.13}% 46
\BOOKMARK [2][-]{subsection.13.4}{\376\377\000P\000r\000o\000p\000e\000r\000t\000i\000e\000s}{section.13}% 47
\BOOKMARK [1][-]{section.14}{\376\377\000S\000u\000m\000m\000a\000r\000y}{}% 48
